[0m21:46:18.299386 [debug] [MainThread]: Sending event: {'category': 'dbt', 'action': 'invocation', 'label': 'start', 'context': [<snowplow_tracker.self_describing_json.SelfDescribingJson object at 0x109875d90>, <snowplow_tracker.self_describing_json.SelfDescribingJson object at 0x1099d71d0>, <snowplow_tracker.self_describing_json.SelfDescribingJson object at 0x1099d6d20>]}


============================== 21:46:18.302501 | f40d10ad-08e5-4fe7-ad6c-2a1c7c8bd0f7 ==============================
[0m21:46:18.302501 [info ] [MainThread]: Running with dbt=1.9.3
[0m21:46:18.302847 [debug] [MainThread]: running dbt with arguments {'printer_width': '80', 'indirect_selection': 'eager', 'log_cache_events': 'False', 'write_json': 'True', 'partial_parse': 'True', 'cache_selected_only': 'False', 'warn_error': 'None', 'fail_fast': 'False', 'debug': 'False', 'log_path': 'logs', 'version_check': 'True', 'profiles_dir': '/Users/abran/.dbt', 'use_colors': 'True', 'use_experimental_parser': 'False', 'no_print': 'None', 'quiet': 'False', 'empty': 'None', 'warn_error_options': 'WarnErrorOptions(include=[], exclude=[])', 'invocation_command': 'dbt init', 'log_format': 'default', 'static_parser': 'True', 'target_path': 'None', 'introspect': 'True', 'send_anonymous_usage_stats': 'True'}
[0m21:46:18.310973 [warn ] [MainThread]: [ConfigFolderDirectory]: Unable to parse logging event dictionary. Failed to parse dir field: expected string or bytes-like object, got 'PosixPath'.. Dictionary: {'dir': PosixPath('/Users/abran/.dbt')}
[0m21:46:18.311235 [info ] [MainThread]: Creating dbt configuration folder at 
[0m21:51:09.742704 [debug] [MainThread]: Starter project path: /Users/abran/Desktop/Docker/elt/env/lib/python3.12/site-packages/dbt/include/starter_project
[0m21:51:09.751590 [info ] [MainThread]: 
Your new dbt project "custom_postgres" was created!

For more information on how to configure the profiles.yml file,
please consult the dbt documentation here:

  https://docs.getdbt.com/docs/configure-your-profile

One more thing:

Need help? Don't hesitate to reach out to us via GitHub issues or on Slack:

  https://community.getdbt.com/

Happy modeling!

[0m21:51:09.752354 [info ] [MainThread]: Setting up your profile.
[0m21:57:03.813288 [info ] [MainThread]: Profile custom_postgres written to /Users/abran/.dbt/profiles.yml using target's profile_template.yml and your supplied values. Run 'dbt debug' to validate the connection.
[0m21:57:03.838031 [debug] [MainThread]: Resource report: {"command_name": "init", "command_success": true, "command_wall_clock_time": 645.56573, "process_in_blocks": "0", "process_kernel_time": 0.126046, "process_mem_max_rss": "102465536", "process_out_blocks": "0", "process_user_time": 0.664287}
[0m21:57:03.838833 [debug] [MainThread]: Command `dbt init` succeeded at 21:57:03.838674 after 645.57 seconds
[0m21:57:03.839389 [debug] [MainThread]: Sending event: {'category': 'dbt', 'action': 'invocation', 'label': 'end', 'context': [<snowplow_tracker.self_describing_json.SelfDescribingJson object at 0x1091a51f0>, <snowplow_tracker.self_describing_json.SelfDescribingJson object at 0x1099be7e0>, <snowplow_tracker.self_describing_json.SelfDescribingJson object at 0x109a7c9b0>]}
[0m21:57:03.839931 [debug] [MainThread]: Flushing usage events
[0m21:57:04.077167 [debug] [MainThread]: An error was encountered while trying to flush usage events
